<?xml version="1.0" encoding="UTF-8"?>
<!-- Generated by org.testng.reporters.JUnitReportReporter -->
<testsuite hostname="Shubham" failures="0" tests="8" name="testScenario.CartAllFunctionalityTest" time="62.517" errors="0" timestamp="2024-04-12T13:50:49 IST" skipped="0">
  <testcase classname="testScenario.CartAllFunctionalityTest" name="testSignInWithValidCredentials" time="8.154"/>
  <testcase classname="testScenario.CartAllFunctionalityTest" name="testAddItemToCart" time="14.322"/>
  <testcase classname="testScenario.CartAllFunctionalityTest" name="testSubtotalLabel" time="1.857"/>
  <testcase classname="testScenario.CartAllFunctionalityTest" name="testSubtotalValue" time="0.044"/>
  <testcase classname="testScenario.CartAllFunctionalityTest" name="testProductDetails" time="0.398"/>
  <testcase classname="testScenario.CartAllFunctionalityTest" name="testUpdateQuantity" time="3.227"/>
  <testcase classname="testScenario.CartAllFunctionalityTest" name="testUpdateCart" time="14.854"/>
  <testcase classname="testScenario.CartAllFunctionalityTest" name="testCancelAndDeleteProduct" time="19.661"/>
</testsuite> <!-- testScenario.CartAllFunctionalityTest -->
