<?xml version="1.0" encoding="UTF-8"?>
<!-- Generated by org.testng.reporters.JUnitReportReporter -->
<testsuite hostname="Shubham" failures="0" tests="2" name="testScenario.NewAccountCreate" time="10.099" errors="0" timestamp="2024-04-11T19:52:43 IST" skipped="0">
  <testcase classname="testScenario.NewAccountCreate" name="test_Home_Page_Appear_Correct" time="5.458"/>
  <testcase classname="testScenario.NewAccountCreate" name="test_Fillup_Create_Account_Details_Correctly" time="4.641"/>
</testsuite> <!-- testScenario.NewAccountCreate -->
