<?xml version="1.0" encoding="UTF-8"?>
<!-- Generated by org.testng.reporters.JUnitReportReporter -->
<testsuite hostname="Shubham" failures="0" tests="7" name="testScenario.GearBagsPriceSectionFunctionality" time="40.790" errors="0" timestamp="2024-04-12T13:48:14 IST" skipped="0">
  <testcase classname="testScenario.GearBagsPriceSectionFunctionality" name="testGearSectionTitle" time="4.745"/>
  <testcase classname="testScenario.GearBagsPriceSectionFunctionality" name="testBagsSectionDisplayAndTitle" time="3.283"/>
  <testcase classname="testScenario.GearBagsPriceSectionFunctionality" name="verifyProductPriceRange2030" time="7.034"/>
  <testcase classname="testScenario.GearBagsPriceSectionFunctionality" name="verifyProductPriceRange3040" time="5.718"/>
  <testcase classname="testScenario.GearBagsPriceSectionFunctionality" name="verifyProductPriceRange4050" time="11.987"/>
  <testcase classname="testScenario.GearBagsPriceSectionFunctionality" name="verifyProductPriceRange5060" time="4.422"/>
  <testcase classname="testScenario.GearBagsPriceSectionFunctionality" name="verifyProductPriceRange70Above" time="3.601"/>
</testsuite> <!-- testScenario.GearBagsPriceSectionFunctionality -->
