<?xml version="1.0" encoding="UTF-8"?>
<!-- Generated by org.testng.reporters.JUnitReportReporter -->
<testsuite hostname="Shubham" failures="0" tests="2" name="testScenario.NewAccountCreate" time="10.005" errors="0" timestamp="2024-04-12T13:48:14 IST" skipped="0">
  <testcase classname="testScenario.NewAccountCreate" name="test_Home_Page_Appear_Correct" time="5.257"/>
  <testcase classname="testScenario.NewAccountCreate" name="test_Fillup_Create_Account_Details_Correctly" time="4.748"/>
</testsuite> <!-- testScenario.NewAccountCreate -->
