<?xml version="1.0" encoding="UTF-8"?>
<!-- Generated by org.testng.reporters.JUnitReportReporter -->
<testsuite hostname="Shubham" failures="0" tests="4" name="testScenario.ShoppingOptionFunctionality" time="16.564" errors="0" timestamp="2024-04-11T19:52:43 IST" skipped="0">
  <testcase classname="testScenario.ShoppingOptionFunctionality" name="testPageTitleDisplaysJackets" time="6.206"/>
  <testcase classname="testScenario.ShoppingOptionFunctionality" name="testShoppingStyleFunctionality" time="2.624"/>
  <testcase classname="testScenario.ShoppingOptionFunctionality" name="testShoppingJacketsSizeFunctionality" time="2.773"/>
  <testcase classname="testScenario.ShoppingOptionFunctionality" name="testSelectBlackColorOption" time="4.961"/>
</testsuite> <!-- testScenario.ShoppingOptionFunctionality -->
