<?xml version="1.0" encoding="UTF-8"?>
<!-- Generated by org.testng.reporters.JUnitReportReporter -->
<testsuite hostname="Shubham" failures="0" tests="11" name="testScenario.GearFitnessEquipmentCategorySizeSectionFunctionality" time="48.642" errors="0" timestamp="2024-04-12T13:48:14 IST" skipped="1">
  <testcase classname="testScenario.GearFitnessEquipmentCategorySizeSectionFunctionality" name="testGearSectionTitle" time="5.353"/>
  <testcase classname="testScenario.GearFitnessEquipmentCategorySizeSectionFunctionality" name="testFitnessEquipmentSectionDisplayAndTitle" time="3.517"/>
  <testcase classname="testScenario.GearFitnessEquipmentCategorySizeSectionFunctionality" name="verifyCategoryExercise" time="7.530"/>
  <testcase classname="testScenario.GearFitnessEquipmentCategorySizeSectionFunctionality" name="verifyCategoryCardio" time="6.214"/>
  <testcase classname="testScenario.GearFitnessEquipmentCategorySizeSectionFunctionality" name="verifySize55Items" time="5.692"/>
  <testcase classname="testScenario.GearFitnessEquipmentCategorySizeSectionFunctionality" name="verifySize65Items" time="5.497"/>
  <testcase classname="testScenario.GearFitnessEquipmentCategorySizeSectionFunctionality" name="verifySize75Items" time="3.737"/>
  <testcase classname="testScenario.GearFitnessEquipmentCategorySizeSectionFunctionality" name="verifySize6FootItems" time="3.635"/>
  <testcase classname="testScenario.GearFitnessEquipmentCategorySizeSectionFunctionality" name="verifySize8FootItems" time="3.634"/>
  <testcase classname="testScenario.GearFitnessEquipmentCategorySizeSectionFunctionality" name="verifySize10FootItems" time="3.833"/>
  <testcase classname="testScenario.GearFitnessEquipmentCategorySizeSectionFunctionality" name="verifyPageContainsOnlyBlueProducts">
    <skipped/>
  </testcase> <!-- verifyPageContainsOnlyBlueProducts -->
</testsuite> <!-- testScenario.GearFitnessEquipmentCategorySizeSectionFunctionality -->
