<?xml version="1.0" encoding="UTF-8"?>
<!-- Generated by org.testng.reporters.JUnitReportReporter -->
<testsuite hostname="Shubham" failures="0" tests="6" name="testScenario.GearFitnessEquipmentPriceSectionFunctionality" time="32.324" errors="0" timestamp="2024-04-11T19:52:43 IST" skipped="0">
  <testcase classname="testScenario.GearFitnessEquipmentPriceSectionFunctionality" name="testGearSectionTitle" time="9.480"/>
  <testcase classname="testScenario.GearFitnessEquipmentPriceSectionFunctionality" name="testFitnessEquipmentSectionDisplayAndTitle" time="3.609"/>
  <testcase classname="testScenario.GearFitnessEquipmentPriceSectionFunctionality" name="verifyProductPriceRange910" time="6.141"/>
  <testcase classname="testScenario.GearFitnessEquipmentPriceSectionFunctionality" name="verifyProductPriceRange1020" time="4.423"/>
  <testcase classname="testScenario.GearFitnessEquipmentPriceSectionFunctionality" name="verifyProductPriceRange2030" time="4.323"/>
  <testcase classname="testScenario.GearFitnessEquipmentPriceSectionFunctionality" name="verifyProductPriceRange60Above" time="4.348"/>
</testsuite> <!-- testScenario.GearFitnessEquipmentPriceSectionFunctionality -->
