<?xml version="1.0" encoding="UTF-8"?>
<!-- Generated by org.testng.reporters.JUnitReportReporter -->
<testsuite hostname="Shubham" failures="0" tests="6" name="testScenario.GearWatchesCategorySectionFunctionality" time="30.968" errors="0" timestamp="2024-04-12T13:48:14 IST" skipped="0">
  <testcase classname="testScenario.GearWatchesCategorySectionFunctionality" name="testGearSectionTitle" time="4.287"/>
  <testcase classname="testScenario.GearWatchesCategorySectionFunctionality" name="testWatchesSectionDisplayAndTitle" time="3.773"/>
  <testcase classname="testScenario.GearWatchesCategorySectionFunctionality" name="testElectronicWatchCategoryDisplay" time="6.582"/>
  <testcase classname="testScenario.GearWatchesCategorySectionFunctionality" name="testExerciseWatchCategoryDisplay" time="5.589"/>
  <testcase classname="testScenario.GearWatchesCategorySectionFunctionality" name="testFashionWatchCategoryDisplay" time="6.755"/>
  <testcase classname="testScenario.GearWatchesCategorySectionFunctionality" name="testTimepieceWatchCategoryDisplay" time="3.982"/>
</testsuite> <!-- testScenario.GearWatchesCategorySectionFunctionality -->
