<?xml version="1.0" encoding="UTF-8"?>
<!-- Generated by org.testng.reporters.JUnitReportReporter -->
<testsuite hostname="Shubham" failures="0" tests="12" name="testScenario.GearBagsStyleSectionFunctionality" time="50.701" errors="0" timestamp="2024-04-11T19:52:43 IST" skipped="1">
  <testcase classname="testScenario.GearBagsStyleSectionFunctionality" name="testGearSectionTitle" time="3.718"/>
  <testcase classname="testScenario.GearBagsStyleSectionFunctionality" name="testBagsSectionDisplayAndTitle" time="5.687"/>
  <testcase classname="testScenario.GearBagsStyleSectionFunctionality" name="verifyBackpackBagsDisplay" time="2.628"/>
  <testcase classname="testScenario.GearBagsStyleSectionFunctionality" name="testClearAllButtonFunctionality" time="3.995"/>
  <testcase classname="testScenario.GearBagsStyleSectionFunctionality" name="verifyLuggageBagsDisplay" time="5.793"/>
  <testcase classname="testScenario.GearBagsStyleSectionFunctionality" name="verifyDuffelBagsDisplay" time="4.176"/>
  <testcase classname="testScenario.GearBagsStyleSectionFunctionality" name="verifyMessangerBagsDisplay" time="5.441"/>
  <testcase classname="testScenario.GearBagsStyleSectionFunctionality" name="verifyLaptopBagsDisplay" time="5.175"/>
  <testcase classname="testScenario.GearBagsStyleSectionFunctionality" name="verifyExerciseBagsDisplay" time="4.798"/>
  <testcase classname="testScenario.GearBagsStyleSectionFunctionality" name="verifyToteBagsDisplay" time="4.407"/>
  <testcase classname="testScenario.GearBagsStyleSectionFunctionality" name="verifyProductPriceRange" time="4.883"/>
  <testcase classname="testScenario.GearBagsStyleSectionFunctionality" name="testSortByName">
    <skipped/>
  </testcase> <!-- testSortByName -->
</testsuite> <!-- testScenario.GearBagsStyleSectionFunctionality -->
