<?xml version="1.0" encoding="UTF-8"?>
<!-- Generated by org.testng.reporters.JUnitReportReporter -->
<testsuite hostname="Shubham" failures="0" tests="7" name="testScenario.GearBagsPriceSectionFunctionality" time="30.967" errors="0" timestamp="2024-04-11T19:52:43 IST" skipped="0">
  <testcase classname="testScenario.GearBagsPriceSectionFunctionality" name="testGearSectionTitle" time="5.105"/>
  <testcase classname="testScenario.GearBagsPriceSectionFunctionality" name="testBagsSectionDisplayAndTitle" time="4.067"/>
  <testcase classname="testScenario.GearBagsPriceSectionFunctionality" name="verifyProductPriceRange2030" time="4.252"/>
  <testcase classname="testScenario.GearBagsPriceSectionFunctionality" name="verifyProductPriceRange3040" time="4.934"/>
  <testcase classname="testScenario.GearBagsPriceSectionFunctionality" name="verifyProductPriceRange4050" time="4.307"/>
  <testcase classname="testScenario.GearBagsPriceSectionFunctionality" name="verifyProductPriceRange5060" time="3.984"/>
  <testcase classname="testScenario.GearBagsPriceSectionFunctionality" name="verifyProductPriceRange70Above" time="4.318"/>
</testsuite> <!-- testScenario.GearBagsPriceSectionFunctionality -->
