<?xml version="1.0" encoding="UTF-8"?>
<!-- Generated by org.testng.reporters.JUnitReportReporter -->
<testsuite hostname="Shubham" failures="0" tests="4" name="dataDriven.SignInTestUsingExcelDataDriventesting" time="31.005" errors="0" timestamp="2024-04-11T19:52:43 IST" skipped="0">
  <testcase classname="dataDriven.SignInTestUsingExcelDataDriventesting" name="loginTest" time="11.223"/>
  <testcase classname="dataDriven.SignInTestUsingExcelDataDriventesting" name="loginTest" time="13.614"/>
  <testcase classname="dataDriven.SignInTestUsingExcelDataDriventesting" name="loginTest" time="3.742"/>
  <testcase classname="dataDriven.SignInTestUsingExcelDataDriventesting" name="loginTest" time="2.426"/>
</testsuite> <!-- dataDriven.SignInTestUsingExcelDataDriventesting -->
