<?xml version="1.0" encoding="UTF-8"?>
<!-- Generated by org.testng.reporters.JUnitReportReporter -->
<testsuite hostname="Shubham" failures="0" tests="11" name="testScenario.GearFitnessEquipmentCategorySizeSectionFunctionality" time="47.515" errors="0" timestamp="2024-04-11T19:52:43 IST" skipped="1">
  <testcase classname="testScenario.GearFitnessEquipmentCategorySizeSectionFunctionality" name="testGearSectionTitle" time="4.772"/>
  <testcase classname="testScenario.GearFitnessEquipmentCategorySizeSectionFunctionality" name="testFitnessEquipmentSectionDisplayAndTitle" time="3.287"/>
  <testcase classname="testScenario.GearFitnessEquipmentCategorySizeSectionFunctionality" name="verifyCategoryExercise" time="6.088"/>
  <testcase classname="testScenario.GearFitnessEquipmentCategorySizeSectionFunctionality" name="verifyCategoryCardio" time="4.440"/>
  <testcase classname="testScenario.GearFitnessEquipmentCategorySizeSectionFunctionality" name="verifySize55Items" time="5.511"/>
  <testcase classname="testScenario.GearFitnessEquipmentCategorySizeSectionFunctionality" name="verifySize65Items" time="4.946"/>
  <testcase classname="testScenario.GearFitnessEquipmentCategorySizeSectionFunctionality" name="verifySize75Items" time="4.689"/>
  <testcase classname="testScenario.GearFitnessEquipmentCategorySizeSectionFunctionality" name="verifySize6FootItems" time="4.983"/>
  <testcase classname="testScenario.GearFitnessEquipmentCategorySizeSectionFunctionality" name="verifySize8FootItems" time="4.274"/>
  <testcase classname="testScenario.GearFitnessEquipmentCategorySizeSectionFunctionality" name="verifySize10FootItems" time="4.525"/>
  <testcase classname="testScenario.GearFitnessEquipmentCategorySizeSectionFunctionality" name="verifyPageContainsOnlyBlueProducts">
    <skipped/>
  </testcase> <!-- verifyPageContainsOnlyBlueProducts -->
</testsuite> <!-- testScenario.GearFitnessEquipmentCategorySizeSectionFunctionality -->
