<?xml version="1.0" encoding="UTF-8"?>
<!-- Generated by org.testng.reporters.JUnitReportReporter -->
<testsuite hostname="Shubham" failures="0" tests="4" name="testScenario.ShoppingOptionFunctionality" time="22.359" errors="0" timestamp="2024-04-12T13:48:14 IST" skipped="0">
  <testcase classname="testScenario.ShoppingOptionFunctionality" name="testPageTitleDisplaysJackets" time="4.421"/>
  <testcase classname="testScenario.ShoppingOptionFunctionality" name="testShoppingStyleFunctionality" time="8.585"/>
  <testcase classname="testScenario.ShoppingOptionFunctionality" name="testShoppingJacketsSizeFunctionality" time="5.659"/>
  <testcase classname="testScenario.ShoppingOptionFunctionality" name="testSelectBlackColorOption" time="3.694"/>
</testsuite> <!-- testScenario.ShoppingOptionFunctionality -->
