<?xml version="1.0" encoding="UTF-8"?>
<!-- Generated by org.testng.reporters.JUnitReportReporter -->
<testsuite hostname="Shubham" failures="0" tests="6" name="testScenario.GearWatchesCategorySectionFunctionality" time="32.543" errors="0" timestamp="2024-04-11T19:52:43 IST" skipped="0">
  <testcase classname="testScenario.GearWatchesCategorySectionFunctionality" name="testGearSectionTitle" time="6.922"/>
  <testcase classname="testScenario.GearWatchesCategorySectionFunctionality" name="testWatchesSectionDisplayAndTitle" time="4.338"/>
  <testcase classname="testScenario.GearWatchesCategorySectionFunctionality" name="testElectronicWatchCategoryDisplay" time="6.054"/>
  <testcase classname="testScenario.GearWatchesCategorySectionFunctionality" name="testExerciseWatchCategoryDisplay" time="4.368"/>
  <testcase classname="testScenario.GearWatchesCategorySectionFunctionality" name="testFashionWatchCategoryDisplay" time="5.560"/>
  <testcase classname="testScenario.GearWatchesCategorySectionFunctionality" name="testTimepieceWatchCategoryDisplay" time="5.301"/>
</testsuite> <!-- testScenario.GearWatchesCategorySectionFunctionality -->
