<?xml version="1.0" encoding="UTF-8"?>
<!-- Generated by org.testng.reporters.JUnitReportReporter -->
<testsuite hostname="Shubham" failures="0" tests="8" name="testScenario.WishListReviewFunctionality" time="43.533" errors="0" timestamp="2024-04-11T23:18:31 IST" skipped="1">
  <testcase classname="testScenario.WishListReviewFunctionality" name="testSignInWithValidCredentials" time="9.708"/>
  <testcase classname="testScenario.WishListReviewFunctionality" name="testJacketsTitle" time="0.628"/>
  <testcase classname="testScenario.WishListReviewFunctionality" name="reviewProductTest" time="13.083"/>
  <testcase classname="testScenario.WishListReviewFunctionality" name="testAddToWishlist" time="5.933"/>
  <testcase classname="testScenario.WishListReviewFunctionality" name="testAddAllToCart" time="4.454"/>
  <testcase classname="testScenario.WishListReviewFunctionality" name="testProductDetails" time="3.735"/>
  <testcase classname="testScenario.WishListReviewFunctionality" name="testCancelAndDeleteProduct" time="5.992"/>
  <testcase classname="testScenario.WishListReviewFunctionality" name="testShareWishList">
    <skipped/>
  </testcase> <!-- testShareWishList -->
</testsuite> <!-- testScenario.WishListReviewFunctionality -->
