<?xml version="1.0" encoding="UTF-8"?>
<!-- Generated by org.testng.reporters.JUnitReportReporter -->
<testsuite hostname="Shubham" failures="0" tests="8" name="dataDriven.SignInTestUsingExcelDataDriventesting" time="55.478" errors="0" timestamp="2024-04-12T13:48:14 IST" skipped="0">
  <testcase classname="dataDriven.SignInTestUsingExcelDataDriventesting" name="loginTest" time="2.976"/>
  <testcase classname="dataDriven.SignInTestUsingExcelDataDriventesting" name="loginTest" time="9.577"/>
  <testcase classname="dataDriven.SignInTestUsingExcelDataDriventesting" name="loginTest" time="9.152"/>
  <testcase classname="dataDriven.SignInTestUsingExcelDataDriventesting" name="loginTest" time="13.400"/>
  <testcase classname="dataDriven.SignInTestUsingExcelDataDriventesting" name="loginTest" time="2.124"/>
  <testcase classname="dataDriven.SignInTestUsingExcelDataDriventesting" name="loginTest" time="10.300"/>
  <testcase classname="dataDriven.SignInTestUsingExcelDataDriventesting" name="loginTest" time="3.761"/>
  <testcase classname="dataDriven.SignInTestUsingExcelDataDriventesting" name="loginTest" time="4.188"/>
</testsuite> <!-- dataDriven.SignInTestUsingExcelDataDriventesting -->
