<?xml version="1.0" encoding="UTF-8"?>
<!-- Generated by org.testng.reporters.JUnitReportReporter -->
<testsuite hostname="Shubham" failures="0" tests="4" name="dataDriven.SignInTestUsingDataProviderDataDriventesting" time="30.377" errors="0" timestamp="2024-04-11T19:52:43 IST" skipped="0">
  <testcase classname="dataDriven.SignInTestUsingDataProviderDataDriventesting" name="loginTest" time="2.773"/>
  <testcase classname="dataDriven.SignInTestUsingDataProviderDataDriventesting" name="loginTest" time="9.760"/>
  <testcase classname="dataDriven.SignInTestUsingDataProviderDataDriventesting" name="loginTest" time="3.232"/>
  <testcase classname="dataDriven.SignInTestUsingDataProviderDataDriventesting" name="loginTest" time="14.612"/>
</testsuite> <!-- dataDriven.SignInTestUsingDataProviderDataDriventesting -->
