<?xml version="1.0" encoding="UTF-8"?>
<!-- Generated by org.testng.reporters.JUnitReportReporter -->
<testsuite hostname="Shubham" failures="0" tests="6" name="testScenario.GearFitnessEquipmentPriceSectionFunctionality" time="27.521" errors="0" timestamp="2024-04-12T13:48:14 IST" skipped="0">
  <testcase classname="testScenario.GearFitnessEquipmentPriceSectionFunctionality" name="testGearSectionTitle" time="7.707"/>
  <testcase classname="testScenario.GearFitnessEquipmentPriceSectionFunctionality" name="testFitnessEquipmentSectionDisplayAndTitle" time="3.390"/>
  <testcase classname="testScenario.GearFitnessEquipmentPriceSectionFunctionality" name="verifyProductPriceRange910" time="5.019"/>
  <testcase classname="testScenario.GearFitnessEquipmentPriceSectionFunctionality" name="verifyProductPriceRange1020" time="3.710"/>
  <testcase classname="testScenario.GearFitnessEquipmentPriceSectionFunctionality" name="verifyProductPriceRange2030" time="4.173"/>
  <testcase classname="testScenario.GearFitnessEquipmentPriceSectionFunctionality" name="verifyProductPriceRange60Above" time="3.522"/>
</testsuite> <!-- testScenario.GearFitnessEquipmentPriceSectionFunctionality -->
