<?xml version="1.0" encoding="UTF-8"?>
<!-- Generated by org.testng.reporters.JUnitReportReporter -->
<testsuite hostname="Shubham" failures="0" tests="2" name="testScenario.SignOutFunction" time="54.261" errors="0" timestamp="2024-04-12T13:48:14 IST" skipped="0">
  <testcase classname="testScenario.SignOutFunction" name="testSignInWithValidCredentials" time="53.930"/>
  <testcase classname="testScenario.SignOutFunction" name="testSSignOutAction" time="0.331"/>
</testsuite> <!-- testScenario.SignOutFunction -->
