<?xml version="1.0" encoding="UTF-8"?>
<!-- Generated by org.testng.reporters.JUnitReportReporter -->
<testsuite hostname="Shubham" failures="0" tests="8" name="testScenario.WishListReviewFunctionality" time="38.992" errors="0" timestamp="2024-04-12T13:48:14 IST" skipped="1">
  <testcase classname="testScenario.WishListReviewFunctionality" name="testSignInWithValidCredentials" time="7.845"/>
  <testcase classname="testScenario.WishListReviewFunctionality" name="testJacketsTitle" time="0.545"/>
  <testcase classname="testScenario.WishListReviewFunctionality" name="reviewProductTest" time="11.443"/>
  <testcase classname="testScenario.WishListReviewFunctionality" name="testAddToWishlist" time="7.340"/>
  <testcase classname="testScenario.WishListReviewFunctionality" name="testAddAllToCart" time="3.127"/>
  <testcase classname="testScenario.WishListReviewFunctionality" name="testProductDetails" time="3.636"/>
  <testcase classname="testScenario.WishListReviewFunctionality" name="testCancelAndDeleteProduct" time="5.056"/>
  <testcase classname="testScenario.WishListReviewFunctionality" name="testShareWishList">
    <skipped/>
  </testcase> <!-- testShareWishList -->
</testsuite> <!-- testScenario.WishListReviewFunctionality -->
