<?xml version="1.0" encoding="UTF-8"?>
<!-- Generated by org.testng.reporters.JUnitReportReporter -->
<testsuite hostname="Shubham" failures="0" tests="4" name="dataDriven.SignInTest" time="38.855" errors="0" timestamp="2024-04-09T18:29:51 IST" skipped="0">
  <testcase classname="dataDriven.SignInTest" name="loginTest" time="5.324"/>
  <testcase classname="dataDriven.SignInTest" name="loginTest" time="2.729"/>
  <testcase classname="dataDriven.SignInTest" name="loginTest" time="22.381"/>
  <testcase classname="dataDriven.SignInTest" name="loginTest" time="8.421"/>
</testsuite> <!-- dataDriven.SignInTest -->
