<?xml version="1.0" encoding="UTF-8"?>
<!-- Generated by org.testng.reporters.JUnitReportReporter -->
<testsuite hostname="Shubham" failures="0" tests="2" name="testScenario.MenSectionFunctionality" time="12.065" errors="0" timestamp="2024-04-06T20:02:14 IST" skipped="0">
  <testcase classname="testScenario.MenSectionFunctionality" name="testMenSectionTitle" time="5.969"/>
  <testcase classname="testScenario.MenSectionFunctionality" name="testBagsSectionDisplayAndTitle" time="6.096"/>
</testsuite> <!-- testScenario.MenSectionFunctionality -->
