<?xml version="1.0" encoding="UTF-8"?>
<!-- Generated by org.testng.reporters.JUnitReportReporter -->
<testsuite hostname="Shubham" failures="0" tests="2" name="testScenario.GearBagsActivitySectionFunctionality" time="17.972" errors="0" timestamp="2024-04-11T17:37:28 IST" skipped="0">
  <testcase classname="testScenario.GearBagsActivitySectionFunctionality" name="testGearSectionTitle" time="10.585"/>
  <testcase classname="testScenario.GearBagsActivitySectionFunctionality" name="testBagsSectionDisplayAndTitle" time="7.387"/>
</testsuite> <!-- testScenario.GearBagsActivitySectionFunctionality -->
