<?xml version="1.0" encoding="UTF-8"?>
<!-- Generated by org.testng.reporters.JUnitReportReporter -->
<testsuite hostname="Shubham" failures="0" tests="2" name="testScenario.SignOutFunction" time="9.320" errors="0" timestamp="2024-04-11T19:52:43 IST" skipped="0">
  <testcase classname="testScenario.SignOutFunction" name="testSignInWithValidCredentials" time="8.913"/>
  <testcase classname="testScenario.SignOutFunction" name="testSSignOutAction" time="0.407"/>
</testsuite> <!-- testScenario.SignOutFunction -->
