<?xml version="1.0" encoding="UTF-8"?>
<!-- Generated by org.testng.reporters.JUnitReportReporter -->
<testsuite hostname="Shubham" failures="0" tests="12" name="testScenario.GearBagsStyleSectionFunctionality" time="120.579" errors="0" timestamp="2024-04-12T13:48:14 IST" skipped="1">
  <testcase classname="testScenario.GearBagsStyleSectionFunctionality" name="testGearSectionTitle" time="8.623"/>
  <testcase classname="testScenario.GearBagsStyleSectionFunctionality" name="testBagsSectionDisplayAndTitle" time="9.416"/>
  <testcase classname="testScenario.GearBagsStyleSectionFunctionality" name="verifyBackpackBagsDisplay" time="2.754"/>
  <testcase classname="testScenario.GearBagsStyleSectionFunctionality" name="testClearAllButtonFunctionality" time="2.894"/>
  <testcase classname="testScenario.GearBagsStyleSectionFunctionality" name="verifyLuggageBagsDisplay" time="15.771"/>
  <testcase classname="testScenario.GearBagsStyleSectionFunctionality" name="verifyDuffelBagsDisplay" time="45.543"/>
  <testcase classname="testScenario.GearBagsStyleSectionFunctionality" name="verifyMessangerBagsDisplay" time="19.076"/>
  <testcase classname="testScenario.GearBagsStyleSectionFunctionality" name="verifyLaptopBagsDisplay" time="3.605"/>
  <testcase classname="testScenario.GearBagsStyleSectionFunctionality" name="verifyExerciseBagsDisplay" time="4.054"/>
  <testcase classname="testScenario.GearBagsStyleSectionFunctionality" name="verifyToteBagsDisplay" time="5.047"/>
  <testcase classname="testScenario.GearBagsStyleSectionFunctionality" name="verifyProductPriceRange" time="3.796"/>
  <testcase classname="testScenario.GearBagsStyleSectionFunctionality" name="testSortByName">
    <skipped/>
  </testcase> <!-- testSortByName -->
</testsuite> <!-- testScenario.GearBagsStyleSectionFunctionality -->
