<?xml version="1.0" encoding="UTF-8"?>
<!-- Generated by org.testng.reporters.JUnitReportReporter -->
<testsuite hostname="Shubham" failures="0" tests="11" name="testScenario.LoginPage" time="44.909" errors="0" timestamp="2024-04-11T19:52:43 IST" skipped="0">
  <testcase classname="testScenario.LoginPage" name="testSignInWithInvalidCredentials" time="6.480"/>
  <testcase classname="testScenario.LoginPage" name="testSignInWithValidCredentials" time="8.637"/>
  <testcase classname="testScenario.LoginPage" name="testAddItemToCart" time="11.545"/>
  <testcase classname="testScenario.LoginPage" name="testSubtotalLabel" time="0.877"/>
  <testcase classname="testScenario.LoginPage" name="testSubtotalValue" time="0.059"/>
  <testcase classname="testScenario.LoginPage" name="testProductDetails" time="0.495"/>
  <testcase classname="testScenario.LoginPage" name="testUpdateQuantity" time="4.099"/>
  <testcase classname="testScenario.LoginPage" name="testProceedToCheckoutButton" time="4.984"/>
  <testcase classname="testScenario.LoginPage" name="testSelectShipping" time="1.104"/>
  <testcase classname="testScenario.LoginPage" name="testCompleteCheckoutFlow" time="0.140"/>
  <testcase classname="testScenario.LoginPage" name="completePaymentProcess" time="6.489"/>
</testsuite> <!-- testScenario.LoginPage -->
