<?xml version="1.0" encoding="UTF-8"?>
<!-- Generated by org.testng.reporters.JUnitReportReporter -->
<testsuite hostname="Shubham" failures="0" tests="11" name="testScenario.LoginPage" time="40.378" errors="0" timestamp="2024-04-12T13:48:14 IST" skipped="0">
  <testcase classname="testScenario.LoginPage" name="testSignInWithInvalidCredentials" time="5.877"/>
  <testcase classname="testScenario.LoginPage" name="testSignInWithValidCredentials" time="8.122"/>
  <testcase classname="testScenario.LoginPage" name="testAddItemToCart" time="10.542"/>
  <testcase classname="testScenario.LoginPage" name="testSubtotalLabel" time="0.799"/>
  <testcase classname="testScenario.LoginPage" name="testSubtotalValue" time="0.548"/>
  <testcase classname="testScenario.LoginPage" name="testProductDetails" time="0.374"/>
  <testcase classname="testScenario.LoginPage" name="testUpdateQuantity" time="2.743"/>
  <testcase classname="testScenario.LoginPage" name="testProceedToCheckoutButton" time="4.455"/>
  <testcase classname="testScenario.LoginPage" name="testSelectShipping" time="1.065"/>
  <testcase classname="testScenario.LoginPage" name="testCompleteCheckoutFlow" time="0.078"/>
  <testcase classname="testScenario.LoginPage" name="completePaymentProcess" time="5.775"/>
</testsuite> <!-- testScenario.LoginPage -->
